<?xml version="1.0" encoding="utf-8"?><testsuites name="pytest tests"><testsuite name="pytest" errors="0" failures="3" skipped="0" tests="47" time="141.079" timestamp="2026-08-19T18:11:20.444435+00:00" hostname="agent-env-e386a0a6-6a54-457f-8db6-687bf13b1357"><testcase classname="tests.test_db_url" name="test_postgresql_scheme_rewritten" time="0.027" /><testcase classname="tests.test_db_url" name="test_postgres_scheme_rewritten" time="0.056" /><testcase classname="tests.test_db_url" name="test_psycopg2_scheme_rewritten" time="0.026" /><testcase classname="tests.test_db_url" name="test_sslmode_and_channel_binding_stripped" time="0.026" /><testcase classname="tests.test_db_url" name="test_local_host_no_ssl" time="0.000" /><testcase classname="tests.test_db_url" name="test_remote_host_gets_ssl" time="0.049" /><testcase classname="tests.test_db_url" name="test_pooler_host_disables_statement_cache" time="0.026" /><testcase classname="tests.test_db_url" name="test_pgbouncer_host_disables_statement_cache" time="0.078" /><testcase classname="tests.test_db_url" name="test_asyncpg_localhost_unchanged" time="0.000" /><testcase classname="tests.test_db_url" name="test_no_mongo_env_or_deps" time="0.002" /><testcase classname="tests.backend_test.TestRegistration" name="test_register_valid" time="4.382" /><testcase classname="tests.backend_test.TestRegistration" name="test_missing_name" time="0.132" /><testcase classname="tests.backend_test.TestRegistration" name="test_bad_email" time="0.134" /><testcase classname="tests.backend_test.TestRegistration" name="test_short_phone" time="0.157" /><testcase classname="tests.backend_test.TestRegistration" name="test_duplicate_email_and_phone" time="5.198" /><testcase classname="tests.backend_test.TestQuizFlow" name="test_question_response_omits_correct_option" time="6.332" /><testcase classname="tests.backend_test.TestQuizFlow" name="test_cross_set_question_rejected" time="7.496" /><testcase classname="tests.backend_test.TestAdminData" name="test_stats" time="2.472" /><testcase classname="tests.backend_test.TestAdminData" name="test_participants_search_and_sort" time="1.068" /><testcase classname="tests.backend_test.TestAdminData" name="test_leaderboard_ordering" time="1.081" /><testcase classname="tests.backend_test.TestQuizFlow" name="test_full_run_scoring_and_completion" time="52.990" /><testcase classname="tests.backend_test.TestAdminData" name="test_export_csv" time="1.080" /><testcase classname="tests.test_sql_rewrite.TestQuestionEndpointGuards" name="test_invalid_uuid_returns_404" time="0.140" /><testcase classname="tests.test_sql_rewrite.TestQuestionEndpointGuards" name="test_nonexistent_uuid_returns_404" time="0.603" /><testcase classname="tests.test_sql_rewrite.TestQuestionEndpointGuards" name="test_garbage_token_returns_404_not_500" time="0.206" /><testcase classname="tests.test_sql_rewrite.TestQuestionEndpointGuards" name="test_question_omits_correct_option" time="1.743" /><testcase classname="tests.backend_test.TestAdminAuth" name="test_login_ok" time="0.352" /><testcase classname="tests.backend_test.TestAdminAuth" name="test_login_bad" time="0.387" /><testcase classname="tests.backend_test.TestAdminAuth" name="test_admin_endpoints_require_bearer" time="0.593" /><testcase classname="tests.backend_test.TestQuestionManagement" name="test_crud_and_import" time="5.497" /><testcase classname="tests.backend_test.TestQuestionManagement" name="test_bulk_import_parser" time="2.101" /><testcase classname="tests.test_health_check.TestHealthCheckAuth" name="test_requires_bearer" time="0.171" /><testcase classname="tests.test_health_check.TestHealthCheckAuth" name="test_bad_bearer" time="0.144" /><testcase classname="tests.test_health_check.TestHealthCheckFlagging" name="test_delete_question_flags_check_then_re_import_ready" time="25.977" /><testcase classname="tests.test_health_check.TestHealthCheckFlagging" name="test_duplicate_question_text_flagged" time="15.722" /><testcase classname="tests.backend_test.TestQuizFlow" name="test_duplicate_answer_rejected" time="2.914" /><testcase classname="tests.test_health_check.TestQuestionValidation" name="test_put_with_blank_option_rejected" time="1.358" /><testcase classname="tests.backend_test.TestQuizFlow" name="test_resume_state" time="4.415" /><testcase classname="tests.test_health_check.TestQuestionValidation" name="test_put_with_missing_option_key_rejected" time="1.313" /><testcase classname="tests.backend_test.TestSetAssignment" name="test_sequential_least_loaded" time="26.806"><failure message="AssertionError: ['Set 01', 'Set 02', 'Set 03', 'Set 04', 'Set 06', 'Set 07', ...]&#10;assert 17 == 20&#10; +  where 17 = len({'Set 01', 'Set 02', 'Set 03', 'Set 04', 'Set 06', 'Set 07', ...})&#10; +    where {'Set 01', 'Set 02', 'Set 03', 'Set 04', 'Set 06', 'Set 07', ...} = set(['Set 01', 'Set 02', 'Set 03', 'Set 04', 'Set 06', 'Set 07', ...])">tests/backend_test.py:126: in test_sequential_least_loaded
    assert len(set(my_set_names)) == 20, my_set_names
E   AssertionError: ['Set 01', 'Set 02', 'Set 03', 'Set 04', 'Set 06', 'Set 07', ...]
E   assert 17 == 20
E    +  where 17 = len({'Set 01', 'Set 02', 'Set 03', 'Set 04', 'Set 06', 'Set 07', ...})
E    +    where {'Set 01', 'Set 02', 'Set 03', 'Set 04', 'Set 06', 'Set 07', ...} = set(['Set 01', 'Set 02', 'Set 03', 'Set 04', 'Set 06', 'Set 07', ...])</failure></testcase><testcase classname="tests.test_sql_rewrite.TestRegisterAtomicity" name="test_register_creates_one_participant_one_attempt_and_bumps_counter" time="7.661"><failure message="assert 5 == (1 + 1)">tests/test_sql_rewrite.py:62: in test_register_creates_one_participant_one_attempt_and_bumps_counter
    assert after_stats["total_participants"] == before_stats["total_participants"] + 1
E   assert 5 == (1 + 1)</failure></testcase><testcase classname="tests.test_sql_rewrite.TestRegisterAtomicity" name="test_duplicate_registration_no_orphan" time="10.138"><failure message="assert 15 == 10">tests/test_sql_rewrite.py:94: in test_duplicate_registration_no_orphan
    assert after_stats["total_participants"] == before_stats["total_participants"]
E   assert 15 == 10</failure></testcase><testcase classname="tests.test_sql_rewrite.TestAnswerReturnsNextForOnePerScreen" name="test_answer_contains_next_question" time="2.318" /><testcase classname="tests.test_sql_rewrite.TestFullRunOneRequestPerScreen" name="test_full_run_one_request_per_question_and_score" time="41.327" /><testcase classname="tests.backend_test.TestConcurrencyBurst" name="test_burst_registrations" time="9.797" /><testcase classname="tests.test_health_check.TestHealthCheckBase" name="test_shape_and_seeded_all_ready" time="10.702" /><testcase classname="tests.test_sql_rewrite.TestAutocommitDurability" name="test_answer_visible_from_fresh_admin_session" time="3.867" /></testsuite></testsuites>