<?xml version="1.0" encoding="utf-8"?><testsuites name="pytest tests"><testsuite name="pytest" errors="0" failures="0" skipped="0" tests="28" time="130.320" timestamp="2026-08-19T13:30:44.588132+00:00" hostname="agent-env-e386a0a6-6a54-457f-8db6-687bf13b1357"><testcase classname="tests.backend_test.TestAdminAuth" name="test_login_ok" time="1.237" /><testcase classname="tests.backend_test.TestAdminAuth" name="test_login_bad" time="0.374" /><testcase classname="tests.backend_test.TestAdminAuth" name="test_admin_endpoints_require_bearer" time="0.551" /><testcase classname="tests.backend_test.TestRegistration" name="test_register_valid" time="0.129" /><testcase classname="tests.backend_test.TestRegistration" name="test_missing_name" time="0.138" /><testcase classname="tests.backend_test.TestRegistration" name="test_bad_email" time="0.119" /><testcase classname="tests.backend_test.TestRegistration" name="test_short_phone" time="0.160" /><testcase classname="tests.backend_test.TestRegistration" name="test_duplicate_email_and_phone" time="0.409" /><testcase classname="tests.backend_test.TestSetAssignment" name="test_sequential_least_loaded" time="39.002" /><testcase classname="tests.backend_test.TestConcurrencyBurst" name="test_burst_registrations" time="1.682" /><testcase classname="tests.backend_test.TestQuizFlow" name="test_question_response_omits_correct_option" time="0.276" /><testcase classname="tests.backend_test.TestQuizFlow" name="test_cross_set_question_rejected" time="0.952" /><testcase classname="tests.backend_test.TestQuizFlow" name="test_full_run_scoring_and_completion" time="11.552" /><testcase classname="tests.backend_test.TestQuizFlow" name="test_duplicate_answer_rejected" time="0.567" /><testcase classname="tests.backend_test.TestQuizFlow" name="test_resume_state" time="69.017" /><testcase classname="tests.backend_test.TestAdminData" name="test_stats" time="0.170" /><testcase classname="tests.backend_test.TestAdminData" name="test_participants_search_and_sort" time="0.137" /><testcase classname="tests.backend_test.TestAdminData" name="test_leaderboard_ordering" time="0.137" /><testcase classname="tests.backend_test.TestAdminData" name="test_export_csv" time="0.139" /><testcase classname="tests.backend_test.TestQuestionManagement" name="test_crud_and_import" time="0.379" /><testcase classname="tests.backend_test.TestQuestionManagement" name="test_bulk_import_parser" time="0.205" /><testcase classname="tests.test_health_check.TestHealthCheckAuth" name="test_requires_bearer" time="0.152" /><testcase classname="tests.test_health_check.TestHealthCheckAuth" name="test_bad_bearer" time="0.163" /><testcase classname="tests.test_health_check.TestHealthCheckBase" name="test_shape_and_seeded_all_ready" time="0.749" /><testcase classname="tests.test_health_check.TestHealthCheckFlagging" name="test_delete_question_flags_check_then_re_import_ready" time="0.696" /><testcase classname="tests.test_health_check.TestHealthCheckFlagging" name="test_duplicate_question_text_flagged" time="0.538" /><testcase classname="tests.test_health_check.TestQuestionValidation" name="test_put_with_blank_option_rejected" time="0.262" /><testcase classname="tests.test_health_check.TestQuestionValidation" name="test_put_with_missing_option_key_rejected" time="0.242" /></testsuite></testsuites>