<?xml version="1.0" encoding="utf-8"?><testsuites name="pytest tests"><testsuite name="pytest" errors="0" failures="0" skipped="0" tests="21" time="88.656" timestamp="2026-08-19T12:02:17.085207+00:00" hostname="agent-env-e386a0a6-6a54-457f-8db6-687bf13b1357"><testcase classname="tests.backend_test.TestAdminAuth" name="test_login_ok" time="1.104" /><testcase classname="tests.backend_test.TestAdminAuth" name="test_login_bad" time="0.347" /><testcase classname="tests.backend_test.TestAdminAuth" name="test_admin_endpoints_require_bearer" time="0.493" /><testcase classname="tests.backend_test.TestRegistration" name="test_register_valid" time="0.139" /><testcase classname="tests.backend_test.TestRegistration" name="test_missing_name" time="0.107" /><testcase classname="tests.backend_test.TestRegistration" name="test_bad_email" time="0.115" /><testcase classname="tests.backend_test.TestRegistration" name="test_short_phone" time="0.112" /><testcase classname="tests.backend_test.TestRegistration" name="test_duplicate_email_and_phone" time="0.442" /><testcase classname="tests.backend_test.TestSetAssignment" name="test_sequential_least_loaded" time="2.950" /><testcase classname="tests.backend_test.TestConcurrencyBurst" name="test_burst_registrations" time="1.966" /><testcase classname="tests.backend_test.TestQuizFlow" name="test_question_response_omits_correct_option" time="68.649" /><testcase classname="tests.backend_test.TestQuizFlow" name="test_cross_set_question_rejected" time="1.016" /><testcase classname="tests.backend_test.TestQuizFlow" name="test_full_run_scoring_and_completion" time="8.673" /><testcase classname="tests.backend_test.TestQuizFlow" name="test_duplicate_answer_rejected" time="0.581" /><testcase classname="tests.backend_test.TestQuizFlow" name="test_resume_state" time="0.692" /><testcase classname="tests.backend_test.TestAdminData" name="test_stats" time="0.120" /><testcase classname="tests.backend_test.TestAdminData" name="test_participants_search_and_sort" time="0.125" /><testcase classname="tests.backend_test.TestAdminData" name="test_leaderboard_ordering" time="0.126" /><testcase classname="tests.backend_test.TestAdminData" name="test_export_csv" time="0.132" /><testcase classname="tests.backend_test.TestQuestionManagement" name="test_crud_and_import" time="0.428" /><testcase classname="tests.backend_test.TestQuestionManagement" name="test_bulk_import_parser" time="0.163" /></testsuite></testsuites>